<?xml version="1.0" encoding="UTF-8"?>
<!-- Generated by org.testng.reporters.JUnitReportReporter -->
<testsuite hostname="DESKTOP-T89O3TR" failures="0" tests="1" name="com.juaracoding.appium.AppTest" time="15.597" errors="0" timestamp="2025-05-27T21:38:17 WIB" skipped="0">
  <testcase classname="com.juaracoding.appium.AppTest" name="additionTest" time="15.597"/>
</testsuite> <!-- com.juaracoding.appium.AppTest -->
